<?xml version="1.0" encoding="UTF-8"?>
<Site BuildName="(empty)"
	BuildStamp="20240530-1313-Experimental"
	Name="(empty)"
	Generator="ctest-3.22.1"
	CompilerName=""
	CompilerVersion=""
	OSName="Linux"
	Hostname="test-ci"
	OSRelease="5.15.0-107-generic"
	OSVersion="#117-Ubuntu SMP Fri Apr 26 12:26:49 UTC 2024"
	OSPlatform="x86_64"
	Is64Bits="1"
	VendorString="GenuineIntel"
	VendorID="Intel Corporation"
	FamilyID="6"
	ModelID="106"
	ProcessorCacheSize="16384"
	NumberOfLogicalCPU="8"
	NumberOfPhysicalCPU="4"
	TotalVirtualMemory="0"
	TotalPhysicalMemory="15987"
	LogicalProcessorsPerPhysical="2"
	ProcessorClockFrequency="1995.31"
	>
	<Testing>
		<StartDateTime>May 30 13:13 UTC</StartDateTime>
		<StartTestTime>1717074809</StartTestTime>
		<TestList/>
		<EndDateTime>May 30 13:13 UTC</EndDateTime>
		<EndTestTime>1717074809</EndTestTime>
		<ElapsedMinutes>0</ElapsedMinutes>
	</Testing>
</Site>
